<?xml version="1.0" encoding="UTF-8"?>
<!-- Generated by org.testng.reporters.JUnitReportReporter -->
<testsuite hostname="DESKTOP-R1EVEV7" failures="0" tests="1" name="baselibrary.baselibrary" time="9.191" errors="0" timestamp="2025-07-30T16:35:15 IST" skipped="0">
  <testcase classname="baselibrary.baselibrary" name="launchurl" time="9.191"/>
</testsuite> <!-- baselibrary.baselibrary -->
